# JRE version: Java(TM) SE Runtime Environment (21.0.2+13) (build 21.0.2+13-LTS-58)
# Java VM: Java HotSpot(TM) 64-Bit Server VM (21.0.2+13-LTS-58, mixed mode, sharing, tiered, compressed oops, compressed class ptrs, g1 gc, windows-amd64)
GC Precious Log:
 CardTable entry size: 512
 Card Set container configuration: InlinePtr #cards 5 size 8 Array Of Cards #cards 12 size 40 Howl #buckets 4 coarsen threshold 1843 Howl Bitmap #cards 512 size 80 coarsen threshold 460 Card regions per heap region 1 cards per card region 2048
 CPUs: 16 total, 16 available
 Memory: 5996M
 Large Page Support: Disabled
 NUMA Support: Disabled
 Compressed Oops: Enabled (32-bit)
 Heap Region Size: 1M
 Heap Min Capacity: 8M
 Heap Initial Capacity: 94M
 Heap Max Capacity: 1500M
 Pre-touch: Disabled
 Parallel Workers: 13
 Concurrent Workers: 3
 Concurrent Refinement Workers: 13
 Periodic GC: Disabled
Heap:
 garbage-first heap   total 89088K, used 68780K [0x00000000a2400000, 0x0000000100000000)
  region size 1024K, 37 young (37888K), 3 survivors (3072K)
 Metaspace       used 79672K, committed 80448K, reserved 1179648K
  class space    used 11325K, committed 11648K, reserved 1048576K
GC Heap History (20 events):
Event: 6.488 GC heap before
{Heap before GC invocations=6 (full 0):
 garbage-first heap   total 61440K, used 36670K [0x00000000a2400000, 0x0000000100000000)
  region size 1024K, 23 young (23552K), 4 survivors (4096K)
 Metaspace       used 35415K, committed 35968K, reserved 1114112K
  class space    used 4512K, committed 4736K, reserved 1048576K
}
Event: 6.495 GC heap after
{Heap after GC invocations=7 (full 0):
 garbage-first heap   total 61440K, used 20991K [0x00000000a2400000, 0x0000000100000000)
  region size 1024K, 2 young (2048K), 2 survivors (2048K)
 Metaspace       used 35415K, committed 35968K, reserved 1114112K
  class space    used 4512K, committed 4736K, reserved 1048576K
}
Event: 7.713 GC heap before
{Heap before GC invocations=8 (full 0):
 garbage-first heap   total 61440K, used 48639K [0x00000000a2400000, 0x0000000100000000)
  region size 1024K, 30 young (30720K), 2 survivors (2048K)
 Metaspace       used 42325K, committed 42880K, reserved 1114112K
  class space    used 5749K, committed 6016K, reserved 1048576K
}
Event: 7.719 GC heap after
{Heap after GC invocations=9 (full 0):
 garbage-first heap   total 61440K, used 22818K [0x00000000a2400000, 0x0000000100000000)
  region size 1024K, 4 young (4096K), 4 survivors (4096K)
 Metaspace       used 42325K, committed 42880K, reserved 1114112K
  class space    used 5749K, committed 6016K, reserved 1048576K
}
Event: 8.859 GC heap before
{Heap before GC invocations=9 (full 0):
 garbage-first heap   total 61440K, used 49442K [0x00000000a2400000, 0x0000000100000000)
  region size 1024K, 31 young (31744K), 4 survivors (4096K)
 Metaspace       used 50899K, committed 51520K, reserved 1114112K
  class space    used 6845K, committed 7104K, reserved 1048576K
}
Event: 8.864 GC heap after
{Heap after GC invocations=10 (full 0):
 garbage-first heap   total 61440K, used 24352K [0x00000000a2400000, 0x0000000100000000)
  region size 1024K, 4 young (4096K), 4 survivors (4096K)
 Metaspace       used 50899K, committed 51520K, reserved 1114112K
  class space    used 6845K, committed 7104K, reserved 1048576K
}
Event: 9.378 GC heap before
{Heap before GC invocations=10 (full 0):
 garbage-first heap   total 61440K, used 50976K [0x00000000a2400000, 0x0000000100000000)
  region size 1024K, 31 young (31744K), 4 survivors (4096K)
 Metaspace       used 58663K, committed 59264K, reserved 1114112K
  class space    used 7751K, committed 8000K, reserved 1048576K
}
Event: 9.382 GC heap after
{Heap after GC invocations=11 (full 0):
 garbage-first heap   total 61440K, used 25534K [0x00000000a2400000, 0x0000000100000000)
  region size 1024K, 3 young (3072K), 3 survivors (3072K)
 Metaspace       used 58663K, committed 59264K, reserved 1114112K
  class space    used 7751K, committed 8000K, reserved 1048576K
}
Event: 9.428 GC heap before
{Heap before GC invocations=11 (full 0):
 garbage-first heap   total 61440K, used 26558K [0x00000000a2400000, 0x0000000100000000)
  region size 1024K, 5 young (5120K), 3 survivors (3072K)
 Metaspace       used 59564K, committed 60160K, reserved 1114112K
  class space    used 8051K, committed 8320K, reserved 1048576K
}
Event: 9.430 GC heap after
{Heap after GC invocations=12 (full 0):
 garbage-first heap   total 61440K, used 25611K [0x00000000a2400000, 0x0000000100000000)
  region size 1024K, 2 young (2048K), 2 survivors (2048K)
 Metaspace       used 59564K, committed 60160K, reserved 1114112K
  class space    used 8051K, committed 8320K, reserved 1048576K
}
Event: 10.197 GC heap before
{Heap before GC invocations=13 (full 0):
 garbage-first heap   total 61440K, used 54283K [0x00000000a2400000, 0x0000000100000000)
  region size 1024K, 30 young (30720K), 2 survivors (2048K)
 Metaspace       used 66615K, committed 67200K, reserved 1114112K
  class space    used 9155K, committed 9408K, reserved 1048576K
}
Event: 10.201 GC heap after
{Heap after GC invocations=14 (full 0):
 garbage-first heap   total 73728K, used 27175K [0x00000000a2400000, 0x0000000100000000)
  region size 1024K, 3 young (3072K), 3 survivors (3072K)
 Metaspace       used 66615K, committed 67200K, reserved 1114112K
  class space    used 9155K, committed 9408K, reserved 1048576K
}
Event: 11.034 GC heap before
{Heap before GC invocations=14 (full 0):
 garbage-first heap   total 73728K, used 64039K [0x00000000a2400000, 0x0000000100000000)
  region size 1024K, 40 young (40960K), 3 survivors (3072K)
 Metaspace       used 72467K, committed 73152K, reserved 1114112K
  class space    used 10084K, committed 10368K, reserved 1048576K
}
Event: 11.040 GC heap after
{Heap after GC invocations=15 (full 0):
 garbage-first heap   total 73728K, used 29734K [0x00000000a2400000, 0x0000000100000000)
  region size 1024K, 5 young (5120K), 5 survivors (5120K)
 Metaspace       used 72467K, committed 73152K, reserved 1114112K
  class space    used 10084K, committed 10368K, reserved 1048576K
}
Event: 11.392 GC heap before
{Heap before GC invocations=15 (full 0):
 garbage-first heap   total 73728K, used 62502K [0x00000000a2400000, 0x0000000100000000)
  region size 1024K, 37 young (37888K), 5 survivors (5120K)
 Metaspace       used 74527K, committed 75200K, reserved 1114112K
  class space    used 10517K, committed 10816K, reserved 1048576K
}
Event: 11.400 GC heap after
{Heap after GC invocations=16 (full 0):
 garbage-first heap   total 73728K, used 32660K [0x00000000a2400000, 0x0000000100000000)
  region size 1024K, 3 young (3072K), 3 survivors (3072K)
 Metaspace       used 74527K, committed 75200K, reserved 1114112K
  class space    used 10517K, committed 10816K, reserved 1048576K
}
Event: 11.710 GC heap before
{Heap before GC invocations=16 (full 0):
 garbage-first heap   total 73728K, used 64404K [0x00000000a2400000, 0x0000000100000000)
  region size 1024K, 34 young (34816K), 3 survivors (3072K)
 Metaspace       used 76871K, committed 77504K, reserved 1179648K
  class space    used 10895K, committed 11136K, reserved 1048576K
}
Event: 11.714 GC heap after
{Heap after GC invocations=17 (full 0):
 garbage-first heap   total 73728K, used 33667K [0x00000000a2400000, 0x0000000100000000)
  region size 1024K, 4 young (4096K), 4 survivors (4096K)
 Metaspace       used 76871K, committed 77504K, reserved 1179648K
  class space    used 10895K, committed 11136K, reserved 1048576K
}
Event: 11.771 GC heap before
{Heap before GC invocations=18 (full 0):
 garbage-first heap   total 89088K, used 63363K [0x00000000a2400000, 0x0000000100000000)
  region size 1024K, 33 young (33792K), 4 survivors (4096K)
 Metaspace       used 76872K, committed 77504K, reserved 1179648K
  class space    used 10896K, committed 11136K, reserved 1048576K
}
Event: 11.775 GC heap after
{Heap after GC invocations=19 (full 0):
 garbage-first heap   total 89088K, used 34988K [0x00000000a2400000, 0x0000000100000000)
  region size 1024K, 3 young (3072K), 3 survivors (3072K)
 Metaspace       used 76872K, committed 77504K, reserved 1179648K
  class space    used 10896K, committed 11136K, reserved 1048576K
}

